  UnitTest5.2.cpp
C:\Users\Chrep\Desktop\Львівська політехніка\Алгоритмізація та програмування\Лабораторна робота 5.2\VisualStudio\lab5.2\UnitTest5.2\UnitTest5.2.cpp(16,1): error C2062: type 'int' unexpected
C:\Users\Chrep\Desktop\Львівська політехніка\Алгоритмізація та програмування\Лабораторна робота 5.2\VisualStudio\lab5.2\UnitTest5.2\UnitTest5.2.cpp(17,16): error C2065: 'a': undeclared identifier
C:\Users\Chrep\Desktop\Львівська політехніка\Алгоритмізація та програмування\Лабораторна робота 5.2\VisualStudio\lab5.2\UnitTest5.2\UnitTest5.2.cpp(19,1): error C2665: 'Microsoft::VisualStudio::CppUnitTestFramework::Assert::AreEqual': none of the 8 overloads could convert all the argument types
C:\Program Files (x86)\Microsoft Visual Studio\2019\Community\VC\Auxiliary\VS\UnitTest\include\CppUnitTestAssert.h(187,15): message : could be 'void Microsoft::VisualStudio::CppUnitTestFramework::Assert::AreEqual(const wchar_t *,const wchar_t *,bool,const wchar_t *,const Microsoft::VisualStudio::CppUnitTestFramework::__LineInfo *)'
C:\Program Files (x86)\Microsoft Visual Studio\2019\Community\VC\Auxiliary\VS\UnitTest\include\CppUnitTestAssert.h(181,15): message : or       'void Microsoft::VisualStudio::CppUnitTestFramework::Assert::AreEqual(const wchar_t *,const wchar_t *,const wchar_t *,const Microsoft::VisualStudio::CppUnitTestFramework::__LineInfo *)'
C:\Program Files (x86)\Microsoft Visual Studio\2019\Community\VC\Auxiliary\VS\UnitTest\include\CppUnitTestAssert.h(175,15): message : or       'void Microsoft::VisualStudio::CppUnitTestFramework::Assert::AreEqual(const wchar_t *,const wchar_t *,const char *,const Microsoft::VisualStudio::CppUnitTestFramework::__LineInfo *)'
C:\Program Files (x86)\Microsoft Visual Studio\2019\Community\VC\Auxiliary\VS\UnitTest\include\CppUnitTestAssert.h(168,15): message : or       'void Microsoft::VisualStudio::CppUnitTestFramework::Assert::AreEqual(const char *,const char *,bool,const wchar_t *,const Microsoft::VisualStudio::CppUnitTestFramework::__LineInfo *)'
C:\Program Files (x86)\Microsoft Visual Studio\2019\Community\VC\Auxiliary\VS\UnitTest\include\CppUnitTestAssert.h(162,15): message : or       'void Microsoft::VisualStudio::CppUnitTestFramework::Assert::AreEqual(const char *,const char *,const wchar_t *,const Microsoft::VisualStudio::CppUnitTestFramework::__LineInfo *)'
C:\Program Files (x86)\Microsoft Visual Studio\2019\Community\VC\Auxiliary\VS\UnitTest\include\CppUnitTestAssert.h(156,15): message : or       'void Microsoft::VisualStudio::CppUnitTestFramework::Assert::AreEqual(const char *,const char *,const char *,const Microsoft::VisualStudio::CppUnitTestFramework::__LineInfo *)'
C:\Program Files (x86)\Microsoft Visual Studio\2019\Community\VC\Auxiliary\VS\UnitTest\include\CppUnitTestAssert.h(149,15): message : or       'void Microsoft::VisualStudio::CppUnitTestFramework::Assert::AreEqual(float,float,float,const wchar_t *,const Microsoft::VisualStudio::CppUnitTestFramework::__LineInfo *)'
C:\Program Files (x86)\Microsoft Visual Studio\2019\Community\VC\Auxiliary\VS\UnitTest\include\CppUnitTestAssert.h(142,15): message : or       'void Microsoft::VisualStudio::CppUnitTestFramework::Assert::AreEqual(double,double,double,const wchar_t *,const Microsoft::VisualStudio::CppUnitTestFramework::__LineInfo *)'
C:\Users\Chrep\Desktop\Львівська політехніка\Алгоритмізація та програмування\Лабораторна робота 5.2\VisualStudio\lab5.2\UnitTest5.2\UnitTest5.2.cpp(19,1): message : while trying to match the argument list '(double, int, int, int)'
